Express запущен на http://localhost:2844; нажмите Ctrl+C для завершения.
Получена форма {"url":"http://theory.phphtml.net/books/javascript/advanced/rabota-s-ajax-v-javascript.html"} от 5.254.65.11
Получена форма {"url":"https://www.ozon.ru/context/detail/id/6287517/"} от 5.254.65.11
Получена форма {"url":"http://htmlbook.ru/faq/kak-ubrat-podcherkivanie-u-ssylok"} от 5.254.65.11
Express запущен на http://localhost:2844; нажмите Ctrl+C для завершения.
Express запущен на http://localhost:2844; нажмите Ctrl+C для завершения.
Получена форма {"url":"http://theory.phphtml.net/books/javascript/advanced/rabota-s-ajax-v-javascript.html"} от 5.254.65.17
Получена форма {"url":"https://bloggood.ru/vebmasteru/html-knopka-kak-ssylka-i-ssylka-kak-knopka.html/"} от 5.254.65.17
Получена форма {"url":"https://bloggood.ru/vebmasteru/html-knopka-kak-ssylka-i-ssylka-kak-knopka.html/"} от 5.254.65.17
Получена форма {"url":"http://basicweb.ru/jquery/jquery_method_ajax.php"} от 5.254.65.17
Express запущен на http://localhost:2844; нажмите Ctrl+C для завершения.
Получена форма {"url":"http://expressjs.com/ru/starter/hello-world.html"} от 5.254.65.17
Получена форма {"url":"http://vetavrora.ru/"} от 188.242.36.198
Получена форма {"url":"http://www.rus-de.com/"} от 188.242.36.198
Получена форма {"url":"http://vetavrora.ru/"} от 188.242.36.198
Получена форма {"url":"http://vetavrora.ru/"} от 5.254.65.8
Получена форма {"url":"http://www.rus-de.com/"} от 188.242.36.198
Получена форма {"url":"http://www.rus-de.com/"} от 188.242.36.198
Получена форма {"url":"http://vetavrora.ru/"} от 188.242.36.198
Получена форма {"url":"http://mykoshka.ru/"} от 188.242.36.198
Получена форма {"url":"http://agilemanifesto.org/iso/ru/manifesto.html"} от 5.18.206.41
Получена форма {"url":"http://www.rus-de.com/"} от 188.242.36.198
Получена форма {"url":"http://vetavrora.ru/"} от 188.242.36.198
Получена форма {"url":"http://agilemanifesto.org/iso/ru/manifesto.html"} от 5.18.206.41
Получена форма {"url":"http://vetavrora.ru/"} от 188.242.36.198
Получена форма {"url":"http://p-96.spb.ru/"} от 5.18.206.41
Получена форма {"url":"https://landingpage.bz/"} от 5.18.206.41

> zurl@0.1.0 test /usr/ziro/zurl
> node main.js

Express запущен на http://localhost:2844; нажмите Ctrl+C для завершения.

> zurl@0.1.0 test /usr/ziro/zurl
> node main.js

Express запущен на http://localhost:2844; нажмите Ctrl+C для завершения.
Получена форма{"url":"http://p-96.spb.ru/запись-на-приемсв-мед/"} от 5.254.65.17 идентификатор файла9b944c037dcdd6f34c7634a20f4c15342c89046f
УПАКОВКА 9b944c037dcdd6f34c7634a20f4c15342c89046fпрошла успешна
Получена форма{"url":"http://p-96.spb.ru/запись-на-приемсв-мед/"} от 5.254.65.17 идентификатор файла0a376d0d4490073eb084000e2d6f0aa91077785b
УПАКОВКА 0a376d0d4490073eb084000e2d6f0aa91077785bпрошла успешна
Killed
npm ERR! Test failed.  See above for more details.
Express запущен на http://localhost:2844; нажмите Ctrl+C для завершения.
Получена форма{"url":"https://www.algolia.com/"} от 5.254.65.19 идентификатор файлаb7c9a9a109e18022b285e2327a63d8b9601a3301
b7c9a9a109e18022b285e2327a63d8b9601a3301 Был отклонен
Получена форма{"url":"https://jqbook.net.ru/ajax/jquery"} от 5.254.65.19 идентификатор файла6a3dbfde49a2c695329b5536a9e64a8a5eb42482
6a3dbfde49a2c695329b5536a9e64a8a5eb42482 Был отклонен
Получена форма{"url":"https://jqbook.net.ru/ajax/jquery"} от 5.254.65.19 идентификатор файла1b1ccde05577cbc312eed759405bddee7a29816f
1b1ccde05577cbc312eed759405bddee7a29816f Был отклонен
Получена форма{"url":"https://jqbook.net.ru/ajax/jquery"} от 5.254.65.12 идентификатор файла32d8ac821ca671d2e603173ba4dbad5c4dd94355
32d8ac821ca671d2e603173ba4dbad5c4dd94355 Был отклонен
Express запущен на http://localhost:2844; нажмите Ctrl+C для завершения.
Express запущен на http://localhost:2844; нажмите Ctrl+C для завершения.
Получена форма{"url":"http://termorect.narod.ru/"} от 5.254.65.15 идентификатор файла b9a0d9ad5a1482a68b45d46ecd8bea1a70965411
УПАКОВКА b9a0d9ad5a1482a68b45d46ecd8bea1a70965411 прошла успешна
Получена форма{"url":"https://landingpage.bz/"} от 5.18.206.41 идентификатор файла fbb2ceb447b02c16e59068cc7cfad49ae2f5f714
Получена форма{"url":"https://www.pobeda.aero/"} от 5.254.65.15 идентификатор файла ce810646e336b188f20601cacc71f5f8033e5e96
УПАКОВКА ce810646e336b188f20601cacc71f5f8033e5e96 прошла успешна
Получена форма{"url":"http://www.rus-de.com/"} от 5.254.65.7 идентификатор файла 0ff15a4bfde46353a8d4b319b2a117e7ee1c0a64
Получена форма{"url":"http://www.rus-de.com/"} от 5.254.65.7 идентификатор файла 42456517a62cc6f20cc3c7c50809fb85d28df913
Получена форма{"url":"http://www.rus-de.com/"} от 5.254.65.7 идентификатор файла 038497f9dc557dfaba86950bcd0a51fe765fad6f
42456517a62cc6f20cc3c7c50809fb85d28df913 Был отклонен
038497f9dc557dfaba86950bcd0a51fe765fad6f Был отклонен
Express запущен на http://localhost:2844; нажмите Ctrl+C для завершения.
ОБРАБОТКА fcfc31dd11c779a0e89b0262e8d0ef9d93c4afd6
{ urls: [ 'http://www.rus-de.com/' ],
  directory: 'saved/fcfc31dd11c779a0e89b0262e8d0ef9d93c4afd6',
  maxRecursiveDepth: 1,
  recursive: true,
  httpResponseHandler: [Function],
  sources: 
   [ { selector: 'img', attr: 'src' },
     { selector: 'link[rel="stylesheet"]', attr: 'href' },
     { selector: 'script', attr: 'src' } ] }
ОБРАБОТКА 7b170dfa7df78dfd1f764e1ddd51ed76863cca16
{ urls: [ 'http://www.rus-de.com/' ],
  directory: 'saved/7b170dfa7df78dfd1f764e1ddd51ed76863cca16',
  maxRecursiveDepth: 1,
  recursive: true,
  httpResponseHandler: [Function],
  sources: 
   [ { selector: 'img', attr: 'src' },
     { selector: 'link[rel="stylesheet"]', attr: 'href' },
     { selector: 'script', attr: 'src' } ] }
Error executing queryReferenceError: file is not defined
    at pool.query.then (/usr/ziro/zurl/set.js:82:69)
    at process._tickCallback (internal/process/next_tick.js:109:7)
Error executing queryReferenceError: file is not defined
    at pool.query.then (/usr/ziro/zurl/set.js:82:69)
    at process._tickCallback (internal/process/next_tick.js:109:7)
ОБРАБОТКА 6725613cec6a0cd559438956c1c1f5dd8abbe252
{ urls: [ 'http://germanfox.ru/maty-na-nemeckom-rugatelstva-na-nemeckom-s-perevodom.html' ],
  directory: 'saved/6725613cec6a0cd559438956c1c1f5dd8abbe252',
  maxRecursiveDepth: 1,
  recursive: true,
  httpResponseHandler: [Function],
  sources: 
   [ { selector: 'img', attr: 'src' },
     { selector: 'link[rel="stylesheet"]', attr: 'href' },
     { selector: 'script', attr: 'src' } ] }
База данных для файла 6725613cec6a0cd559438956c1c1f5dd8abbe252 обновлена и присвоен статус 1(УСПЕШНО)
ОБРАБОТКА 9b209961fd754adc0f80e06d9121426b59e19df4
{ urls: [ 'http://vetavrora.ru/' ],
  directory: 'saved/9b209961fd754adc0f80e06d9121426b59e19df4',
  maxRecursiveDepth: 1,
  recursive: true,
  httpResponseHandler: [Function],
  sources: 
   [ { selector: 'img', attr: 'src' },
     { selector: 'link[rel="stylesheet"]', attr: 'href' },
     { selector: 'script', attr: 'src' } ] }
База данных для файла 9b209961fd754adc0f80e06d9121426b59e19df4 обновлена и присвоен статус 1(УСПЕШНО)
ОБРАБОТКА b609834d6caf04578f91b440d211c7ea355a6475
{ urls: [ 'http://1mpulse.ru/' ],
  directory: 'saved/b609834d6caf04578f91b440d211c7ea355a6475',
  maxRecursiveDepth: 1,
  recursive: true,
  httpResponseHandler: [Function],
  sources: 
   [ { selector: 'img', attr: 'src' },
     { selector: 'link[rel="stylesheet"]', attr: 'href' },
     { selector: 'script', attr: 'src' } ] }
База данных для файла b609834d6caf04578f91b440d211c7ea355a6475 обновлена и присвоен статус 1(УСПЕШНО)
ОБРАБОТКА 0c3b645a99f211073963561292df3ff511ed912e
{ urls: [ 'http://vk.com/' ],
  directory: 'saved/0c3b645a99f211073963561292df3ff511ed912e',
  maxRecursiveDepth: 1,
  recursive: true,
  httpResponseHandler: [Function],
  sources: 
   [ { selector: 'img', attr: 'src' },
     { selector: 'link[rel="stylesheet"]', attr: 'href' },
     { selector: 'script', attr: 'src' } ] }
База данных для файла 0c3b645a99f211073963561292df3ff511ed912e обновлена и присвоен статус 1(УСПЕШНО)
Express запущен на http://localhost:2844; нажмите Ctrl+C для завершения.
ОБРАБОТКА 1b054e2d07a316ec672ca6a38bcd7d9f5af4d9a6
{ urls: [ 'https://eax.me/postgresql-install/' ],
  directory: 'saved/1b054e2d07a316ec672ca6a38bcd7d9f5af4d9a6',
  maxRecursiveDepth: 1,
  recursive: true,
  httpResponseHandler: [Function],
  sources: 
   [ { selector: 'img', attr: 'src' },
     { selector: 'link[rel="stylesheet"]', attr: 'href' },
     { selector: 'script', attr: 'src' } ] }
База данных для файла 1b054e2d07a316ec672ca6a38bcd7d9f5af4d9a6 обновлена и присвоен статус 1(УСПЕШНО)
ОБРАБОТКА ba2c6d9d7d2201a59f9cccfa5077646ac01134c9
{ urls: [ 'https://codedump.io/share/40GWepJWfCr2/1/nodejs-ressend-is-not-a-function' ],
  directory: 'saved/ba2c6d9d7d2201a59f9cccfa5077646ac01134c9',
  maxRecursiveDepth: 1,
  recursive: true,
  httpResponseHandler: [Function],
  sources: 
   [ { selector: 'img', attr: 'src' },
     { selector: 'link[rel="stylesheet"]', attr: 'href' },
     { selector: 'script', attr: 'src' } ] }
(node:10658) Warning: Possible EventEmitter memory leak detected. 11 pipe listeners added. Use emitter.setMaxListeners() to increase limit
База данных для файла ba2c6d9d7d2201a59f9cccfa5077646ac01134c9 обновлена и присвоен статус 1(УСПЕШНО)
ОБРАБОТКА c977ef03a6f3d15011f7ef8896facb95a4ae60b2
{ urls: [ 'https://eax.me/postgresql-install' ],
  directory: 'saved/c977ef03a6f3d15011f7ef8896facb95a4ae60b2',
  maxRecursiveDepth: 1,
  recursive: true,
  httpResponseHandler: [Function],
  sources: 
   [ { selector: 'img', attr: 'src' },
     { selector: 'link[rel="stylesheet"]', attr: 'href' },
     { selector: 'script', attr: 'src' } ] }
ОБРАБОТКА 84be9cd78b9a9c3941435072b3a443d38dc15b01
{ urls: [ 'https://eax.me/postgresql-install' ],
  directory: 'saved/84be9cd78b9a9c3941435072b3a443d38dc15b01',
  maxRecursiveDepth: 1,
  recursive: true,
  httpResponseHandler: [Function],
  sources: 
   [ { selector: 'img', attr: 'src' },
     { selector: 'link[rel="stylesheet"]', attr: 'href' },
     { selector: 'script', attr: 'src' } ] }
База данных для файла c977ef03a6f3d15011f7ef8896facb95a4ae60b2 обновлена и присвоен статус 1(УСПЕШНО)
База данных для файла 84be9cd78b9a9c3941435072b3a443d38dc15b01 обновлена и присвоен статус 1(УСПЕШНО)
ОБРАБОТКА c8439b8d99035df783358e8e4c1717c488e56e05
{ urls: [ 'https://eax.me/postgresql-install/' ],
  directory: 'saved/c8439b8d99035df783358e8e4c1717c488e56e05',
  maxRecursiveDepth: 1,
  recursive: true,
  httpResponseHandler: [Function],
  sources: 
   [ { selector: 'img', attr: 'src' },
     { selector: 'link[rel="stylesheet"]', attr: 'href' },
     { selector: 'script', attr: 'src' } ] }
База данных для файла c8439b8d99035df783358e8e4c1717c488e56e05 обновлена и присвоен статус 1(УСПЕШНО)
ОБРАБОТКА 8bd3effbf3ae499e998cf636a34fa819d0f7d37d
{ urls: [ 'http://p-96.spb.ru/запись-на-приемсв-мед/' ],
  directory: 'saved/8bd3effbf3ae499e998cf636a34fa819d0f7d37d',
  maxRecursiveDepth: 1,
  recursive: true,
  httpResponseHandler: [Function],
  sources: 
   [ { selector: 'img', attr: 'src' },
     { selector: 'link[rel="stylesheet"]', attr: 'href' },
     { selector: 'script', attr: 'src' } ] }
База данных для файла 8bd3effbf3ae499e998cf636a34fa819d0f7d37d обновлена и присвоен статус 1(УСПЕШНО)
ОБРАБОТКА b8c20de7d912452d70055426e58ef2ec85843fc1
{ urls: [ 'http://p-96.spb.ru/запись-на-приемсв-мед/' ],
  directory: 'saved/b8c20de7d912452d70055426e58ef2ec85843fc1',
  maxRecursiveDepth: 1,
  recursive: true,
  httpResponseHandler: [Function],
  sources: 
   [ { selector: 'img', attr: 'src' },
     { selector: 'link[rel="stylesheet"]', attr: 'href' },
     { selector: 'script', attr: 'src' } ] }
База данных для файла b8c20de7d912452d70055426e58ef2ec85843fc1 обновлена и присвоен статус 1(УСПЕШНО)
ОБРАБОТКА d7fbd320723a8ffe697f6ad6c1377c48354a3f8b
{ urls: [ 'http://p-96.spb.ru/запись-на-приемсв-мед/' ],
  directory: 'saved/d7fbd320723a8ffe697f6ad6c1377c48354a3f8b',
  maxRecursiveDepth: 1,
  recursive: true,
  httpResponseHandler: [Function],
  sources: 
   [ { selector: 'img', attr: 'src' },
     { selector: 'link[rel="stylesheet"]', attr: 'href' },
     { selector: 'script', attr: 'src' } ] }
База данных для файла d7fbd320723a8ffe697f6ad6c1377c48354a3f8b обновлена и присвоен статус 1(УСПЕШНО)
ОБРАБОТКА c1f69c2dd6fb23f556b3ffa0ce7cda7a3541de30
{ urls: [ 'http://p-96.spb.ru/запись-на-приемсв-мед/' ],
  directory: 'saved/c1f69c2dd6fb23f556b3ffa0ce7cda7a3541de30',
  maxRecursiveDepth: 1,
  recursive: true,
  httpResponseHandler: [Function],
  sources: 
   [ { selector: 'img', attr: 'src' },
     { selector: 'link[rel="stylesheet"]', attr: 'href' },
     { selector: 'script', attr: 'src' } ] }
База данных для файла c1f69c2dd6fb23f556b3ffa0ce7cda7a3541de30 обновлена и присвоен статус 1(УСПЕШНО)
ОБРАБОТКА a5c63b01bd1aa2848443949e13c38e14acfb084d
{ urls: [ 'http://p-96.spb.ru/запись-на-приемсв-мед/' ],
  directory: 'saved/a5c63b01bd1aa2848443949e13c38e14acfb084d',
  maxRecursiveDepth: 1,
  recursive: true,
  httpResponseHandler: [Function],
  sources: 
   [ { selector: 'img', attr: 'src' },
     { selector: 'link[rel="stylesheet"]', attr: 'href' },
     { selector: 'script', attr: 'src' } ] }
База данных для файла a5c63b01bd1aa2848443949e13c38e14acfb084d обновлена и присвоен статус 1(УСПЕШНО)
ОБРАБОТКА 5accc2e3402d5528533879c036d305fc881fbfee
{ urls: [ 'http://p-96.spb.ru/запись-на-приемсв-мед/' ],
  directory: 'saved/5accc2e3402d5528533879c036d305fc881fbfee',
  maxRecursiveDepth: 1,
  recursive: true,
  httpResponseHandler: [Function],
  sources: 
   [ { selector: 'img', attr: 'src' },
     { selector: 'link[rel="stylesheet"]', attr: 'href' },
     { selector: 'script', attr: 'src' } ] }
База данных для файла 5accc2e3402d5528533879c036d305fc881fbfee обновлена и присвоен статус 1(УСПЕШНО)
ОБРАБОТКА dd3a5ca31469e40adbe827bf8571eaae6183c18d
{ urls: [ 'https://eax.me/postgresql-install/' ],
  directory: 'saved/dd3a5ca31469e40adbe827bf8571eaae6183c18d',
  maxRecursiveDepth: 1,
  recursive: true,
  httpResponseHandler: [Function],
  sources: 
   [ { selector: 'img', attr: 'src' },
     { selector: 'link[rel="stylesheet"]', attr: 'href' },
     { selector: 'script', attr: 'src' } ] }
ОБРАБОТКА 0b1bf20082804ad7b0579c008887db6d1235a1d6
{ urls: [ 'https://eax.me/postgresql-install/' ],
  directory: 'saved/0b1bf20082804ad7b0579c008887db6d1235a1d6',
  maxRecursiveDepth: 1,
  recursive: true,
  httpResponseHandler: [Function],
  sources: 
   [ { selector: 'img', attr: 'src' },
     { selector: 'link[rel="stylesheet"]', attr: 'href' },
     { selector: 'script', attr: 'src' } ] }
ОБРАБОТКА 3a625c98216c44dbe0a528df240454c7b842a1a6
{ urls: [ 'https://eax.me/postgresql-install/' ],
  directory: 'saved/3a625c98216c44dbe0a528df240454c7b842a1a6',
  maxRecursiveDepth: 1,
  recursive: true,
  httpResponseHandler: [Function],
  sources: 
   [ { selector: 'img', attr: 'src' },
     { selector: 'link[rel="stylesheet"]', attr: 'href' },
     { selector: 'script', attr: 'src' } ] }
База данных для файла dd3a5ca31469e40adbe827bf8571eaae6183c18d обновлена и присвоен статус 1(УСПЕШНО)
База данных для файла 0b1bf20082804ad7b0579c008887db6d1235a1d6 обновлена и присвоен статус 1(УСПЕШНО)
База данных для файла 3a625c98216c44dbe0a528df240454c7b842a1a6 обновлена и присвоен статус 1(УСПЕШНО)
ОБРАБОТКА e2677fc11dcf1c9b072ebe5c2ecf2857b1d41b11
{ urls: [ 'http://p-96.spb.ru/запись-на-приемсв-мед/' ],
  directory: 'saved/e2677fc11dcf1c9b072ebe5c2ecf2857b1d41b11',
  maxRecursiveDepth: 1,
  recursive: true,
  httpResponseHandler: [Function],
  sources: 
   [ { selector: 'img', attr: 'src' },
     { selector: 'link[rel="stylesheet"]', attr: 'href' },
     { selector: 'script', attr: 'src' } ] }
База данных для файла e2677fc11dcf1c9b072ebe5c2ecf2857b1d41b11 обновлена и присвоен статус 1(УСПЕШНО)
ОБРАБОТКА 03bb1f912fcf49735e72be5ef2245de07e9eb457
{ urls: [ 'https://www.purinaone.ru/' ],
  directory: 'saved/03bb1f912fcf49735e72be5ef2245de07e9eb457',
  maxRecursiveDepth: 1,
  recursive: true,
  httpResponseHandler: [Function],
  sources: 
   [ { selector: 'img', attr: 'src' },
     { selector: 'link[rel="stylesheet"]', attr: 'href' },
     { selector: 'script', attr: 'src' } ] }
ОБРАБОТКА f1a40b684cff61340273a2ab9b20fc4270fee08e
{ urls: [ 'https://www.purinaone.ru/' ],
  directory: 'saved/f1a40b684cff61340273a2ab9b20fc4270fee08e',
  maxRecursiveDepth: 1,
  recursive: true,
  httpResponseHandler: [Function],
  sources: 
   [ { selector: 'img', attr: 'src' },
     { selector: 'link[rel="stylesheet"]', attr: 'href' },
     { selector: 'script', attr: 'src' } ] }
ОБРАБОТКА bdf04e2730380472b7901253108ae78c0ace5922
{ urls: [ 'http://vetavrora.ru/' ],
  directory: 'saved/bdf04e2730380472b7901253108ae78c0ace5922',
  maxRecursiveDepth: 1,
  recursive: true,
  httpResponseHandler: [Function],
  sources: 
   [ { selector: 'img', attr: 'src' },
     { selector: 'link[rel="stylesheet"]', attr: 'href' },
     { selector: 'script', attr: 'src' } ] }
База данных для файла bdf04e2730380472b7901253108ae78c0ace5922 обновлена и присвоен статус 1(УСПЕШНО)
База данных для файла 03bb1f912fcf49735e72be5ef2245de07e9eb457 обновлена и присвоен статус 1(УСПЕШНО)
ОБРАБОТКА 3f4edf4cc72974c2787cdf388a52c81333630e35
{ urls: [ 'https://www.purinaone.ru/' ],
  directory: 'saved/3f4edf4cc72974c2787cdf388a52c81333630e35',
  maxRecursiveDepth: 1,
  recursive: true,
  httpResponseHandler: [Function],
  sources: 
   [ { selector: 'img', attr: 'src' },
     { selector: 'link[rel="stylesheet"]', attr: 'href' },
     { selector: 'script', attr: 'src' } ] }
База данных для файла f1a40b684cff61340273a2ab9b20fc4270fee08e обновлена и присвоен статус 1(УСПЕШНО)
База данных для файла 3f4edf4cc72974c2787cdf388a52c81333630e35 обновлена и присвоен статус 1(УСПЕШНО)
ОБРАБОТКА a285a6361ac281f91e9781fc2adeb066b292cfe6
{ urls: [ 'https://yummyanime.com/' ],
  directory: 'saved/a285a6361ac281f91e9781fc2adeb066b292cfe6',
  maxRecursiveDepth: 1,
  recursive: true,
  httpResponseHandler: [Function],
  sources: 
   [ { selector: 'img', attr: 'src' },
     { selector: 'link[rel="stylesheet"]', attr: 'href' },
     { selector: 'script', attr: 'src' } ] }
База данных для файла a285a6361ac281f91e9781fc2adeb066b292cfe6 обновлена и присвоен статус 1(УСПЕШНО)
ОБРАБОТКА 8db8cce6bd3df4952211ce66ca3cb9db57e9e742
{ urls: [ 'http://spb.wi-fi.ru/' ],
  directory: 'saved/8db8cce6bd3df4952211ce66ca3cb9db57e9e742',
  maxRecursiveDepth: 1,
  recursive: true,
  httpResponseHandler: [Function],
  sources: 
   [ { selector: 'img', attr: 'src' },
     { selector: 'link[rel="stylesheet"]', attr: 'href' },
     { selector: 'script', attr: 'src' } ] }
ОБРАБОТКА 0b1814302c414284a8362231434e2ba1f1f3a27f
{ urls: [ 'https://vk.com/' ],
  directory: 'saved/0b1814302c414284a8362231434e2ba1f1f3a27f',
  maxRecursiveDepth: 1,
  recursive: true,
  httpResponseHandler: [Function],
  sources: 
   [ { selector: 'img', attr: 'src' },
     { selector: 'link[rel="stylesheet"]', attr: 'href' },
     { selector: 'script', attr: 'src' } ] }
База данных для файла 0b1814302c414284a8362231434e2ba1f1f3a27f обновлена и присвоен статус 1(УСПЕШНО)
База данных для файла 8db8cce6bd3df4952211ce66ca3cb9db57e9e742 обновлена и присвоен статус 1(УСПЕШНО)
ОБРАБОТКА a1fb5c587b41cf5749cb854a2a0ac896f0f9f469
{ urls: [ 'https://cuberto.ru/' ],
  directory: 'saved/a1fb5c587b41cf5749cb854a2a0ac896f0f9f469',
  maxRecursiveDepth: 1,
  recursive: true,
  httpResponseHandler: [Function],
  sources: 
   [ { selector: 'img', attr: 'src' },
     { selector: 'link[rel="stylesheet"]', attr: 'href' },
     { selector: 'script', attr: 'src' } ] }
База данных для файла a1fb5c587b41cf5749cb854a2a0ac896f0f9f469 обновлена и присвоен статус 1(УСПЕШНО)
ОБРАБОТКА befc055a40ccfb50c7fc31faa78c43c2fc6e6857
{ urls: [ 'https://cuberto.ru/' ],
  directory: 'saved/befc055a40ccfb50c7fc31faa78c43c2fc6e6857',
  maxRecursiveDepth: 1,
  recursive: true,
  httpResponseHandler: [Function],
  sources: 
   [ { selector: 'img', attr: 'src' },
     { selector: 'link[rel="stylesheet"]', attr: 'href' },
     { selector: 'script', attr: 'src' } ] }
ОБРАБОТКА a39c5c7a4f4ade0f91461ca0c54881d0e8957d13
{ urls: [ 'https://cuberto.ru///' ],
  directory: 'saved/a39c5c7a4f4ade0f91461ca0c54881d0e8957d13',
  maxRecursiveDepth: 1,
  recursive: true,
  httpResponseHandler: [Function],
  sources: 
   [ { selector: 'img', attr: 'src' },
     { selector: 'link[rel="stylesheet"]', attr: 'href' },
     { selector: 'script', attr: 'src' } ] }
ОБРАБОТКА cf10444f60ceb04ea0a4cd10755da68598928a81
{ urls: [ 'https://cuberto.ru//' ],
  directory: 'saved/cf10444f60ceb04ea0a4cd10755da68598928a81',
  maxRecursiveDepth: 1,
  recursive: true,
  httpResponseHandler: [Function],
  sources: 
   [ { selector: 'img', attr: 'src' },
     { selector: 'link[rel="stylesheet"]', attr: 'href' },
     { selector: 'script', attr: 'src' } ] }
Error executing queryReferenceError: file is not defined
    at pool.query.then (/usr/ziro/zurl/set.js:82:69)
    at process._tickCallback (internal/process/next_tick.js:109:7)
ОБРАБОТКА 2cd897cd7b39ed692cc7df33a52484d5d1ea1534
{ urls: [ 'hps://cuberto.ru' ],
  directory: 'saved/2cd897cd7b39ed692cc7df33a52484d5d1ea1534',
  maxRecursiveDepth: 1,
  recursive: true,
  httpResponseHandler: [Function],
  sources: 
   [ { selector: 'img', attr: 'src' },
     { selector: 'link[rel="stylesheet"]', attr: 'href' },
     { selector: 'script', attr: 'src' } ] }
Error executing queryReferenceError: file is not defined
    at pool.query.then (/usr/ziro/zurl/set.js:82:69)
    at process._tickCallback (internal/process/next_tick.js:109:7)
ОБРАБОТКА 55f32be378206adecd2f1ba357503744e85177c9
{ urls: [ 'https://cuberto.ru/' ],
  directory: 'saved/55f32be378206adecd2f1ba357503744e85177c9',
  maxRecursiveDepth: 1,
  recursive: true,
  httpResponseHandler: [Function],
  sources: 
   [ { selector: 'img', attr: 'src' },
     { selector: 'link[rel="stylesheet"]', attr: 'href' },
     { selector: 'script', attr: 'src' } ] }
ОБРАБОТКА bfde2551679e49e4b40475428257b7c1c27ac488
{ urls: [ 'http://cuberto.ru/' ],
  directory: 'saved/bfde2551679e49e4b40475428257b7c1c27ac488',
  maxRecursiveDepth: 1,
  recursive: true,
  httpResponseHandler: [Function],
  sources: 
   [ { selector: 'img', attr: 'src' },
     { selector: 'link[rel="stylesheet"]', attr: 'href' },
     { selector: 'script', attr: 'src' } ] }
ОБРАБОТКА 4a6b1fa30cad421602f0027d96236041bcaf1f1c
{ urls: [ 'https://cuberto.ru' ],
  directory: 'saved/4a6b1fa30cad421602f0027d96236041bcaf1f1c',
  maxRecursiveDepth: 1,
  recursive: true,
  httpResponseHandler: [Function],
  sources: 
   [ { selector: 'img', attr: 'src' },
     { selector: 'link[rel="stylesheet"]', attr: 'href' },
     { selector: 'script', attr: 'src' } ] }
Error executing queryReferenceError: file is not defined
    at pool.query.then (/usr/ziro/zurl/set.js:82:69)
    at process._tickCallback (internal/process/next_tick.js:109:7)
Error executing queryReferenceError: file is not defined
    at pool.query.then (/usr/ziro/zurl/set.js:82:69)
    at process._tickCallback (internal/process/next_tick.js:109:7)
ОБРАБОТКА 1305d8d5f9292acc3945ed2e4cf6b1eb3231bde8
{ urls: [ 'https://cuberto.ru/' ],
  directory: 'saved/1305d8d5f9292acc3945ed2e4cf6b1eb3231bde8',
  maxRecursiveDepth: 1,
  recursive: true,
  httpResponseHandler: [Function],
  sources: 
   [ { selector: 'img', attr: 'src' },
     { selector: 'link[rel="stylesheet"]', attr: 'href' },
     { selector: 'script', attr: 'src' } ] }
База данных для файла 1305d8d5f9292acc3945ed2e4cf6b1eb3231bde8 обновлена и присвоен статус 1(УСПЕШНО)
ОБРАБОТКА 43e14a533095ad7cf596d887b3893c7fedd8da22
{ urls: [ 'https://cuberto.ru' ],
  directory: 'saved/43e14a533095ad7cf596d887b3893c7fedd8da22',
  maxRecursiveDepth: 1,
  recursive: true,
  httpResponseHandler: [Function],
  sources: 
   [ { selector: 'img', attr: 'src' },
     { selector: 'link[rel="stylesheet"]', attr: 'href' },
     { selector: 'script', attr: 'src' } ] }
ОБРАБОТКА 49258cab4da96e77c577293e617097e08815d754
{ urls: [ 'https://cuberto.ru' ],
  directory: 'saved/49258cab4da96e77c577293e617097e08815d754',
  maxRecursiveDepth: 1,
  recursive: true,
  httpResponseHandler: [Function],
  sources: 
   [ { selector: 'img', attr: 'src' },
     { selector: 'link[rel="stylesheet"]', attr: 'href' },
     { selector: 'script', attr: 'src' } ] }
ОБРАБОТКА f1546b60b34601f4d8d9ea0cbe520dd78e3e1913
{ urls: [ 'https://cuberto.ru/' ],
  directory: 'saved/f1546b60b34601f4d8d9ea0cbe520dd78e3e1913',
  maxRecursiveDepth: 1,
  recursive: true,
  httpResponseHandler: [Function],
  sources: 
   [ { selector: 'img', attr: 'src' },
     { selector: 'link[rel="stylesheet"]', attr: 'href' },
     { selector: 'script', attr: 'src' } ] }
ОБРАБОТКА 6f9023fe7e270e0feac3944a0f980ccec270f97b
{ urls: [ 'https://cuberto.ru' ],
  directory: 'saved/6f9023fe7e270e0feac3944a0f980ccec270f97b',
  maxRecursiveDepth: 1,
  recursive: true,
  httpResponseHandler: [Function],
  sources: 
   [ { selector: 'img', attr: 'src' },
     { selector: 'link[rel="stylesheet"]', attr: 'href' },
     { selector: 'script', attr: 'src' } ] }
ОБРАБОТКА 43a46d7d77b5d76a92f504351b3f1c4f0aa96656
{ urls: [ 'https://cuberto.ru' ],
  directory: 'saved/43a46d7d77b5d76a92f504351b3f1c4f0aa96656',
  maxRecursiveDepth: 1,
  recursive: true,
  httpResponseHandler: [Function],
  sources: 
   [ { selector: 'img', attr: 'src' },
     { selector: 'link[rel="stylesheet"]', attr: 'href' },
     { selector: 'script', attr: 'src' } ] }
Error executing queryReferenceError: file is not defined
    at pool.query.then (/usr/ziro/zurl/set.js:82:69)
    at process._tickCallback (internal/process/next_tick.js:109:7)
ОБРАБОТКА 329c14d5a9514947e53227eb7a0e5b94cd8fd963
{ urls: [ 'https://cuberto.ru/' ],
  directory: 'saved/329c14d5a9514947e53227eb7a0e5b94cd8fd963',
  maxRecursiveDepth: 1,
  recursive: true,
  httpResponseHandler: [Function],
  sources: 
   [ { selector: 'img', attr: 'src' },
     { selector: 'link[rel="stylesheet"]', attr: 'href' },
     { selector: 'script', attr: 'src' } ] }
ОБРАБОТКА c541931a2041222be6c5ef5cb0c178378cc34b22
{ urls: [ 'https://cuberto.ru' ],
  directory: 'saved/c541931a2041222be6c5ef5cb0c178378cc34b22',
  maxRecursiveDepth: 1,
  recursive: true,
  httpResponseHandler: [Function],
  sources: 
   [ { selector: 'img', attr: 'src' },
     { selector: 'link[rel="stylesheet"]', attr: 'href' },
     { selector: 'script', attr: 'src' } ] }
ОБРАБОТКА 63ab69d7f9f5987b0b7982f9849a51b486f1839f
{ urls: [ 'https://cuberto.ru/' ],
  directory: 'saved/63ab69d7f9f5987b0b7982f9849a51b486f1839f',
  maxRecursiveDepth: 1,
  recursive: true,
  httpResponseHandler: [Function],
  sources: 
   [ { selector: 'img', attr: 'src' },
     { selector: 'link[rel="stylesheet"]', attr: 'href' },
     { selector: 'script', attr: 'src' } ] }
ОБРАБОТКА a663cc2052867c211da912ae07460245cc4c0b17
{ urls: [ 'https://cuberto.ru/' ],
  directory: 'saved/a663cc2052867c211da912ae07460245cc4c0b17',
  maxRecursiveDepth: 1,
  recursive: true,
  httpResponseHandler: [Function],
  sources: 
   [ { selector: 'img', attr: 'src' },
     { selector: 'link[rel="stylesheet"]', attr: 'href' },
     { selector: 'script', attr: 'src' } ] }
ОБРАБОТКА ea168ad30f36e4366c581f3274b243787c7b8ef7
{ urls: [ 'https://cuberto.ru/' ],
  directory: 'saved/ea168ad30f36e4366c581f3274b243787c7b8ef7',
  maxRecursiveDepth: 1,
  recursive: true,
  httpResponseHandler: [Function],
  sources: 
   [ { selector: 'img', attr: 'src' },
     { selector: 'link[rel="stylesheet"]', attr: 'href' },
     { selector: 'script', attr: 'src' } ] }
Error executing queryReferenceError: file is not defined
    at pool.query.then (/usr/ziro/zurl/set.js:82:69)
    at process._tickCallback (internal/process/next_tick.js:109:7)
Error executing queryReferenceError: file is not defined
    at pool.query.then (/usr/ziro/zurl/set.js:82:69)
    at process._tickCallback (internal/process/next_tick.js:109:7)
Error executing queryReferenceError: file is not defined
    at pool.query.then (/usr/ziro/zurl/set.js:82:69)
    at process._tickCallback (internal/process/next_tick.js:109:7)
ОБРАБОТКА 316bdd1103926dbcbbee1469a00712338d2a0f1c
{ urls: [ 'https://cuberto.ru/' ],
  directory: 'saved/316bdd1103926dbcbbee1469a00712338d2a0f1c',
  maxRecursiveDepth: 1,
  recursive: true,
  httpResponseHandler: [Function],
  sources: 
   [ { selector: 'img', attr: 'src' },
     { selector: 'link[rel="stylesheet"]', attr: 'href' },
     { selector: 'script', attr: 'src' } ] }
ОБРАБОТКА 580728d3f5c832e27a6ae2d216dba55b920206b7
{ urls: [ 'https://cuberto.ru' ],
  directory: 'saved/580728d3f5c832e27a6ae2d216dba55b920206b7',
  maxRecursiveDepth: 1,
  recursive: true,
  httpResponseHandler: [Function],
  sources: 
   [ { selector: 'img', attr: 'src' },
     { selector: 'link[rel="stylesheet"]', attr: 'href' },
     { selector: 'script', attr: 'src' } ] }
ОБРАБОТКА 160e0a2220a59c848761f0de28706e4599bd5824
{ urls: [ 'https://cuberto.ru' ],
  directory: 'saved/160e0a2220a59c848761f0de28706e4599bd5824',
  maxRecursiveDepth: 1,
  recursive: true,
  httpResponseHandler: [Function],
  sources: 
   [ { selector: 'img', attr: 'src' },
     { selector: 'link[rel="stylesheet"]', attr: 'href' },
     { selector: 'script', attr: 'src' } ] }
ОБРАБОТКА 503e62f1363ba1d2c1176751dc3aceb58ef4027a
{ urls: [ 'https://cuberto.ru' ],
  directory: 'saved/503e62f1363ba1d2c1176751dc3aceb58ef4027a',
  maxRecursiveDepth: 1,
  recursive: true,
  httpResponseHandler: [Function],
  sources: 
   [ { selector: 'img', attr: 'src' },
     { selector: 'link[rel="stylesheet"]', attr: 'href' },
     { selector: 'script', attr: 'src' } ] }
Error executing queryReferenceError: file is not defined
    at pool.query.then (/usr/ziro/zurl/set.js:82:69)
    at process._tickCallback (internal/process/next_tick.js:109:7)
ОБРАБОТКА dc2930b5209683479655049057cd593ac2bdab7c
{ urls: [ 'https://cuberto.ru' ],
  directory: 'saved/dc2930b5209683479655049057cd593ac2bdab7c',
  maxRecursiveDepth: 1,
  recursive: true,
  httpResponseHandler: [Function],
  sources: 
   [ { selector: 'img', attr: 'src' },
     { selector: 'link[rel="stylesheet"]', attr: 'href' },
     { selector: 'script', attr: 'src' } ] }
ОБРАБОТКА 097292b2b15a89a6219a83638586655c8d70b831
{ urls: [ 'https://cuberto.ru' ],
  directory: 'saved/097292b2b15a89a6219a83638586655c8d70b831',
  maxRecursiveDepth: 1,
  recursive: true,
  httpResponseHandler: [Function],
  sources: 
   [ { selector: 'img', attr: 'src' },
     { selector: 'link[rel="stylesheet"]', attr: 'href' },
     { selector: 'script', attr: 'src' } ] }
ОБРАБОТКА 330d2b267f8b37c048bfb4e653efb121bb372ca0
{ urls: [ 'https://cuberto.ru' ],
  directory: 'saved/330d2b267f8b37c048bfb4e653efb121bb372ca0',
  maxRecursiveDepth: 1,
  recursive: true,
  httpResponseHandler: [Function],
  sources: 
   [ { selector: 'img', attr: 'src' },
     { selector: 'link[rel="stylesheet"]', attr: 'href' },
     { selector: 'script', attr: 'src' } ] }
Error executing queryReferenceError: file is not defined
    at pool.query.then (/usr/ziro/zurl/set.js:82:69)
    at process._tickCallback (internal/process/next_tick.js:109:7)
Error executing queryReferenceError: file is not defined
    at pool.query.then (/usr/ziro/zurl/set.js:82:69)
    at process._tickCallback (internal/process/next_tick.js:109:7)
ОБРАБОТКА 8ee1159af4f78b01f83481b74d88daaa2a22a3e0
{ urls: [ 'https://cuberto.ru/' ],
  directory: 'saved/8ee1159af4f78b01f83481b74d88daaa2a22a3e0',
  maxRecursiveDepth: 1,
  recursive: true,
  httpResponseHandler: [Function],
  sources: 
   [ { selector: 'img', attr: 'src' },
     { selector: 'link[rel="stylesheet"]', attr: 'href' },
     { selector: 'script', attr: 'src' } ] }
Error executing queryReferenceError: file is not defined
    at pool.query.then (/usr/ziro/zurl/set.js:82:69)
    at process._tickCallback (internal/process/next_tick.js:109:7)
ОБРАБОТКА 8cd0c134e9312105787e106e28d303b492307783
{ urls: [ 'https://cuberto.ru/' ],
  directory: 'saved/8cd0c134e9312105787e106e28d303b492307783',
  maxRecursiveDepth: 1,
  recursive: true,
  httpResponseHandler: [Function],
  sources: 
   [ { selector: 'img', attr: 'src' },
     { selector: 'link[rel="stylesheet"]', attr: 'href' },
     { selector: 'script', attr: 'src' } ] }
ОБРАБОТКА 07c322aea9e6b37743a3e92afdd97f80e8f5b190
{ urls: [ 'https://cuberto.ru' ],
  directory: 'saved/07c322aea9e6b37743a3e92afdd97f80e8f5b190',
  maxRecursiveDepth: 1,
  recursive: true,
  httpResponseHandler: [Function],
  sources: 
   [ { selector: 'img', attr: 'src' },
     { selector: 'link[rel="stylesheet"]', attr: 'href' },
     { selector: 'script', attr: 'src' } ] }
ОБРАБОТКА cacf51c5737d6f68bf9552ccc77b0dc6d39aaae0
{ urls: [ 'https://cuberto.ru/' ],
  directory: 'saved/cacf51c5737d6f68bf9552ccc77b0dc6d39aaae0',
  maxRecursiveDepth: 1,
  recursive: true,
  httpResponseHandler: [Function],
  sources: 
   [ { selector: 'img', attr: 'src' },
     { selector: 'link[rel="stylesheet"]', attr: 'href' },
     { selector: 'script', attr: 'src' } ] }
ОБРАБОТКА 22fbde96ef4736ae1783cb282509ff4fd299dd2f
{ urls: [ 'https://cuberto.ru' ],
  directory: 'saved/22fbde96ef4736ae1783cb282509ff4fd299dd2f',
  maxRecursiveDepth: 1,
  recursive: true,
  httpResponseHandler: [Function],
  sources: 
   [ { selector: 'img', attr: 'src' },
     { selector: 'link[rel="stylesheet"]', attr: 'href' },
     { selector: 'script', attr: 'src' } ] }
Error executing queryReferenceError: file is not defined
    at pool.query.then (/usr/ziro/zurl/set.js:82:69)
    at process._tickCallback (internal/process/next_tick.js:109:7)
Error executing queryReferenceError: file is not defined
    at pool.query.then (/usr/ziro/zurl/set.js:82:69)
    at process._tickCallback (internal/process/next_tick.js:109:7)
ОБРАБОТКА b675a4408fb9d113f66272210ed4c15c6b62ebc2
{ urls: [ 'https://cuberto.ru' ],
  directory: 'saved/b675a4408fb9d113f66272210ed4c15c6b62ebc2',
  maxRecursiveDepth: 1,
  recursive: true,
  httpResponseHandler: [Function],
  sources: 
   [ { selector: 'img', attr: 'src' },
     { selector: 'link[rel="stylesheet"]', attr: 'href' },
     { selector: 'script', attr: 'src' } ] }
ОБРАБОТКА 515d4a0d42c4850387b8b3446b42d196902d77fa
{ urls: [ 'https://cuberto.ru/' ],
  directory: 'saved/515d4a0d42c4850387b8b3446b42d196902d77fa',
  maxRecursiveDepth: 1,
  recursive: true,
  httpResponseHandler: [Function],
  sources: 
   [ { selector: 'img', attr: 'src' },
     { selector: 'link[rel="stylesheet"]', attr: 'href' },
     { selector: 'script', attr: 'src' } ] }
Error executing queryReferenceError: file is not defined
    at pool.query.then (/usr/ziro/zurl/set.js:82:69)
    at process._tickCallback (internal/process/next_tick.js:109:7)
Error executing queryReferenceError: file is not defined
    at pool.query.then (/usr/ziro/zurl/set.js:82:69)
    at process._tickCallback (internal/process/next_tick.js:109:7)
Error executing queryReferenceError: file is not defined
    at pool.query.then (/usr/ziro/zurl/set.js:82:69)
    at process._tickCallback (internal/process/next_tick.js:109:7)
Error executing queryReferenceError: file is not defined
    at pool.query.then (/usr/ziro/zurl/set.js:82:69)
    at process._tickCallback (internal/process/next_tick.js:109:7)
ОБРАБОТКА 9dc291e1c8039fe3c108fbd474d37b6a68dc2eb1
{ urls: [ 'https://cuberto.ru' ],
  directory: 'saved/9dc291e1c8039fe3c108fbd474d37b6a68dc2eb1',
  maxRecursiveDepth: 1,
  recursive: true,
  httpResponseHandler: [Function],
  sources: 
   [ { selector: 'img', attr: 'src' },
     { selector: 'link[rel="stylesheet"]', attr: 'href' },
     { selector: 'script', attr: 'src' } ] }
ОБРАБОТКА 062883b2e933d6b56a901f0187eba4617bc144d3
{ urls: [ 'https://cuberto.ru/' ],
  directory: 'saved/062883b2e933d6b56a901f0187eba4617bc144d3',
  maxRecursiveDepth: 1,
  recursive: true,
  httpResponseHandler: [Function],
  sources: 
   [ { selector: 'img', attr: 'src' },
     { selector: 'link[rel="stylesheet"]', attr: 'href' },
     { selector: 'script', attr: 'src' } ] }
База данных для файла 097292b2b15a89a6219a83638586655c8d70b831 обновлена и присвоен статус 1(УСПЕШНО)
База данных для файла 8cd0c134e9312105787e106e28d303b492307783 обновлена и присвоен статус 1(УСПЕШНО)
ОБРАБОТКА d7a5c48272a1064cbadcb12df6123d097b7cb663
{ urls: [ 'https://cuberto.ru' ],
  directory: 'saved/d7a5c48272a1064cbadcb12df6123d097b7cb663',
  maxRecursiveDepth: 1,
  recursive: true,
  httpResponseHandler: [Function],
  sources: 
   [ { selector: 'img', attr: 'src' },
     { selector: 'link[rel="stylesheet"]', attr: 'href' },
     { selector: 'script', attr: 'src' } ] }
ОБРАБОТКА c2761e81738ef8b0aa4deff2881c6202f343f7e8
{ urls: [ 'https://cuberto.ru' ],
  directory: 'saved/c2761e81738ef8b0aa4deff2881c6202f343f7e8',
  maxRecursiveDepth: 1,
  recursive: true,
  httpResponseHandler: [Function],
  sources: 
   [ { selector: 'img', attr: 'src' },
     { selector: 'link[rel="stylesheet"]', attr: 'href' },
     { selector: 'script', attr: 'src' } ] }
Error executing queryReferenceError: file is not defined
    at pool.query.then (/usr/ziro/zurl/set.js:82:69)
    at process._tickCallback (internal/process/next_tick.js:109:7)
ОБРАБОТКА a8e2dcedbf6b51a6cc12944516a2981115f72ef0
{ urls: [ 'https://cuberto.ru/' ],
  directory: 'saved/a8e2dcedbf6b51a6cc12944516a2981115f72ef0',
  maxRecursiveDepth: 1,
  recursive: true,
  httpResponseHandler: [Function],
  sources: 
   [ { selector: 'img', attr: 'src' },
     { selector: 'link[rel="stylesheet"]', attr: 'href' },
     { selector: 'script', attr: 'src' } ] }
ОБРАБОТКА 7d500beb46378d4cd5d86430ed651b499b9326ab
{ urls: [ 'https://cuberto.ru/' ],
  directory: 'saved/7d500beb46378d4cd5d86430ed651b499b9326ab',
  maxRecursiveDepth: 1,
  recursive: true,
  httpResponseHandler: [Function],
  sources: 
   [ { selector: 'img', attr: 'src' },
     { selector: 'link[rel="stylesheet"]', attr: 'href' },
     { selector: 'script', attr: 'src' } ] }
ОБРАБОТКА c73d8f168f282615a017321256f6088b4e85b993
{ urls: [ 'https://cuberto.ru/' ],
  directory: 'saved/c73d8f168f282615a017321256f6088b4e85b993',
  maxRecursiveDepth: 1,
  recursive: true,
  httpResponseHandler: [Function],
  sources: 
   [ { selector: 'img', attr: 'src' },
     { selector: 'link[rel="stylesheet"]', attr: 'href' },
     { selector: 'script', attr: 'src' } ] }
ОБРАБОТКА 46c4baaad8c1e6baaa0fb208fd6bff0be4b71d62
{ urls: [ 'https://cuberto.ru/' ],
  directory: 'saved/46c4baaad8c1e6baaa0fb208fd6bff0be4b71d62',
  maxRecursiveDepth: 1,
  recursive: true,
  httpResponseHandler: [Function],
  sources: 
   [ { selector: 'img', attr: 'src' },
     { selector: 'link[rel="stylesheet"]', attr: 'href' },
     { selector: 'script', attr: 'src' } ] }
Error executing queryReferenceError: file is not defined
    at pool.query.then (/usr/ziro/zurl/set.js:82:69)
    at process._tickCallback (internal/process/next_tick.js:109:7)
Error executing queryReferenceError: file is not defined
    at pool.query.then (/usr/ziro/zurl/set.js:82:69)
    at process._tickCallback (internal/process/next_tick.js:109:7)
Error executing queryReferenceError: file is not defined
    at pool.query.then (/usr/ziro/zurl/set.js:82:69)
    at process._tickCallback (internal/process/next_tick.js:109:7)
Error executing queryReferenceError: file is not defined
    at pool.query.then (/usr/ziro/zurl/set.js:82:69)
    at process._tickCallback (internal/process/next_tick.js:109:7)
База данных для файла 6f9023fe7e270e0feac3944a0f980ccec270f97b обновлена и присвоен статус 1(УСПЕШНО)
База данных для файла 503e62f1363ba1d2c1176751dc3aceb58ef4027a обновлена и присвоен статус 1(УСПЕШНО)
База данных для файла a663cc2052867c211da912ae07460245cc4c0b17 обновлена и присвоен статус 1(УСПЕШНО)
База данных для файла 46c4baaad8c1e6baaa0fb208fd6bff0be4b71d62 обновлена и присвоен статус 1(УСПЕШНО)
ОБРАБОТКА 17777651d95d807921e984f2f571ec3d2739b836
{ urls: [ 'http://ya.ru/' ],
  directory: 'saved/17777651d95d807921e984f2f571ec3d2739b836',
  maxRecursiveDepth: 1,
  recursive: true,
  httpResponseHandler: [Function],
  sources: 
   [ { selector: 'img', attr: 'src' },
     { selector: 'link[rel="stylesheet"]', attr: 'href' },
     { selector: 'script', attr: 'src' } ] }
База данных для файла 17777651d95d807921e984f2f571ec3d2739b836 обновлена и присвоен статус 1(УСПЕШНО)
ОБРАБОТКА b01af447f744e000caf879bccc378bc807fef169
{ urls: [ 'http://pronauku.com/' ],
  directory: 'saved/b01af447f744e000caf879bccc378bc807fef169',
  maxRecursiveDepth: 1,
  recursive: true,
  httpResponseHandler: [Function],
  sources: 
   [ { selector: 'img', attr: 'src' },
     { selector: 'link[rel="stylesheet"]', attr: 'href' },
     { selector: 'script', attr: 'src' } ] }
База данных для файла b01af447f744e000caf879bccc378bc807fef169 обновлена и присвоен статус 1(УСПЕШНО)
ОБРАБОТКА e635b3bd5379987216d2045ee153a6f8d8497b33
{ urls: [ 'http://zurl.zirodev.com/' ],
  directory: 'saved/e635b3bd5379987216d2045ee153a6f8d8497b33',
  maxRecursiveDepth: 1,
  recursive: true,
  httpResponseHandler: [Function],
  sources: 
   [ { selector: 'img', attr: 'src' },
     { selector: 'link[rel="stylesheet"]', attr: 'href' },
     { selector: 'script', attr: 'src' } ] }
База данных для файла e635b3bd5379987216d2045ee153a6f8d8497b33 обновлена и присвоен статус 1(УСПЕШНО)
ОБРАБОТКА 7ad44c8f3da57155db833102d6dc2e68517300c1
{ urls: [ 'https://minecraft-inside.ru/mods/9534-mine-painter-mod.html/' ],
  directory: 'saved/7ad44c8f3da57155db833102d6dc2e68517300c1',
  maxRecursiveDepth: 1,
  recursive: true,
  httpResponseHandler: [Function],
  sources: 
   [ { selector: 'img', attr: 'src' },
     { selector: 'link[rel="stylesheet"]', attr: 'href' },
     { selector: 'script', attr: 'src' } ] }
ОБРАБОТКА dab171024b4f99bc693d5493f045f951d3d54f10
{ urls: [ 'https://emou.ru/' ],
  directory: 'saved/dab171024b4f99bc693d5493f045f951d3d54f10',
  maxRecursiveDepth: 1,
  recursive: true,
  httpResponseHandler: [Function],
  sources: 
   [ { selector: 'img', attr: 'src' },
     { selector: 'link[rel="stylesheet"]', attr: 'href' },
     { selector: 'script', attr: 'src' } ] }
База данных для файла dab171024b4f99bc693d5493f045f951d3d54f10 обновлена и присвоен статус 1(УСПЕШНО)
База данных для файла 7ad44c8f3da57155db833102d6dc2e68517300c1 обновлена и присвоен статус 1(УСПЕШНО)
ОБРАБОТКА bb0dafe9cb0dfba5cd3f04ede9f52840d0c1fd8c
{ urls: [ 'https://cuberto.ru/' ],
  directory: 'saved/bb0dafe9cb0dfba5cd3f04ede9f52840d0c1fd8c',
  maxRecursiveDepth: 1,
  recursive: true,
  httpResponseHandler: [Function],
  sources: 
   [ { selector: 'img', attr: 'src' },
     { selector: 'link[rel="stylesheet"]', attr: 'href' },
     { selector: 'script', attr: 'src' } ] }
ОБРАБОТКА d7f3f2870d3570b8e10c21c59f821d428e7308d6
{ urls: [ 'https://cuberto.ru/' ],
  directory: 'saved/d7f3f2870d3570b8e10c21c59f821d428e7308d6',
  maxRecursiveDepth: 1,
  recursive: true,
  httpResponseHandler: [Function],
  sources: 
   [ { selector: 'img', attr: 'src' },
     { selector: 'link[rel="stylesheet"]', attr: 'href' },
     { selector: 'script', attr: 'src' } ] }
База данных для файла d7f3f2870d3570b8e10c21c59f821d428e7308d6 обновлена и присвоен статус 1(УСПЕШНО)
ОБРАБОТКА 5dd61c4ba9c849afa5b03aceb1bb7eaad338e83f
{ urls: [ 'http://termorect.narod.ru/' ],
  directory: 'saved/5dd61c4ba9c849afa5b03aceb1bb7eaad338e83f',
  maxRecursiveDepth: 1,
  recursive: true,
  httpResponseHandler: [Function],
  sources: 
   [ { selector: 'img', attr: 'src' },
     { selector: 'link[rel="stylesheet"]', attr: 'href' },
     { selector: 'script', attr: 'src' } ] }
База данных для файла 5dd61c4ba9c849afa5b03aceb1bb7eaad338e83f обновлена и присвоен статус 1(УСПЕШНО)
ОБРАБОТКА 060b8af78ba31a6f0a84e7d49f58094179cc92f9
{ urls: [ 'http://termorect.narod.ru/success.html/' ],
  directory: 'saved/060b8af78ba31a6f0a84e7d49f58094179cc92f9',
  maxRecursiveDepth: 1,
  recursive: true,
  httpResponseHandler: [Function],
  sources: 
   [ { selector: 'img', attr: 'src' },
     { selector: 'link[rel="stylesheet"]', attr: 'href' },
     { selector: 'script', attr: 'src' } ] }
База данных для файла 060b8af78ba31a6f0a84e7d49f58094179cc92f9 обновлена и присвоен статус 1(УСПЕШНО)
